#
# There is insufficient memory for the Java Runtime Environment to continue.
# Native memory allocation (malloc) failed to allocate 533472 bytes for Chunk::new
# Possible reasons:
#   The system is out of physical RAM or swap space
#   The process is running with CompressedOops enabled, and the Java Heap may be blocking the growth of the native heap
# Possible solutions:
#   Reduce memory load on the system
#   Increase physical memory or swap space
#   Check if swap backing store is full
#   Decrease Java heap size (-Xmx/-Xms)
#   Decrease number of Java threads
#   Decrease Java thread stack sizes (-Xss)
#   Set larger code cache with -XX:ReservedCodeCacheSize=
#   JVM is running with Zero Based Compressed Oops mode in which the Java heap is
#     placed in the first 32GB address space. The Java Heap base address is the
#     maximum limit for the native heap growth. Please use -XX:HeapBaseMinAddress
#     to set the Java Heap base and to place the Java Heap above 32GB virtual address.
# This output file may be truncated or incomplete.
#
#  Out of Memory Error (arena.cpp:168), pid=33712, tid=25932
#
# JRE version: OpenJDK Runtime Environment (21.0.2+13) (build 21.0.2+13-58)
# Java VM: OpenJDK 64-Bit Server VM (21.0.2+13-58, mixed mode, sharing, tiered, compressed oops, compressed class ptrs, g1 gc, windows-amd64)
# No core dump will be written. Minidumps are not enabled by default on client versions of Windows
#

---------------  S U M M A R Y ------------

Command Line: -javaagent:C:\Program Files\JetBrains\IntelliJ IDEA 2023.2.3\lib\idea_rt.jar=55590:C:\Program Files\JetBrains\IntelliJ IDEA 2023.2.3\bin -Dfile.encoding=UTF-8 -Dsun.stdout.encoding=UTF-8 -Dsun.stderr.encoding=UTF-8 --module-path=C:\Users\walte\.m2\repository\org\openjfx\javafx-fxml\21-ea+24\javafx-fxml-21-ea+24-win.jar;C:\Users\walte\.m2\repository\org\openjfx\javafx-base\21-ea+24\javafx-base-21-ea+24-win.jar;C:\Users\walte\Desktop\Progetto\ProgettoFinale\Gioco\target\classes;C:\Users\walte\.m2\repository\org\openjfx\javafx-controls\21-ea+24\javafx-controls-21-ea+24-win.jar;C:\Users\walte\.m2\repository\org\openjfx\javafx-graphics\21-ea+24\javafx-graphics-21-ea+24-win.jar -Djdk.module.main=com.example.gioco com.example.gioco/com.example.gioco.HomePage

Host: AMD Ryzen 9 6900HS with Radeon Graphics        , 16 cores, 15G,  Windows 11 , 64 bit Build 22621 (10.0.22621.3085)
Time: Wed Feb 14 16:07:22 2024 ora solare Europa occidentale elapsed time: 1.577357 seconds (0d 0h 0m 1s)

---------------  T H R E A D  ---------------

Current thread (0x00000231a87edef0):  JavaThread "C2 CompilerThread0" daemon [_thread_in_native, id=25932, stack(0x000000f470c00000,0x000000f470d00000) (1024K)]


Current CompileTask:
C2:   1577  826       4       java.io.DataInputStream::readUTF (501 bytes)

Stack: [0x000000f470c00000,0x000000f470d00000]
Native frames: (J=compiled Java code, j=interpreted, Vv=VM code, C=native code)
V  [jvm.dll+0x6cade9]
V  [jvm.dll+0x8569c1]
V  [jvm.dll+0x858d2e]
V  [jvm.dll+0x859413]
V  [jvm.dll+0x280e56]
V  [jvm.dll+0xc3f3d]
V  [jvm.dll+0xc4473]
V  [jvm.dll+0x3b5c2c]
V  [jvm.dll+0x1e2013]
V  [jvm.dll+0x249d22]
V  [jvm.dll+0x2491b1]
V  [jvm.dll+0x1c9634]
V  [jvm.dll+0x258859]
V  [jvm.dll+0x256e3a]
V  [jvm.dll+0x3ef6c6]
V  [jvm.dll+0x7ff568]
V  [jvm.dll+0x6c953d]
C  [ucrtbase.dll+0x29363]
C  [KERNEL32.DLL+0x1257d]
C  [ntdll.dll+0x5aa58]


---------------  P R O C E S S  ---------------

Threads class SMR info:
_java_thread_list=0x00000231eee88710, length=18, elements={
0x00000231893c3660, 0x00000231a87e09e0, 0x00000231a87e1700, 0x00000231a87e40b0,
0x00000231a87e4d70, 0x00000231a87e6c70, 0x00000231a87e8be0, 0x00000231a87edef0,
0x00000231ee010db0, 0x00000231ee011480, 0x00000231a87aaf80, 0x00000231ee00de00,
0x00000231ee010010, 0x00000231ee910110, 0x00000231eeb392f0, 0x00000231ee00e4d0,
0x00000231ee0106e0, 0x00000231eee89850
}

Java Threads: ( => current thread )
  0x00000231893c3660 JavaThread "main"                              [_thread_blocked, id=33804, stack(0x000000f46fe00000,0x000000f46ff00000) (1024K)]
  0x00000231a87e09e0 JavaThread "Reference Handler"          daemon [_thread_blocked, id=21484, stack(0x000000f470600000,0x000000f470700000) (1024K)]
  0x00000231a87e1700 JavaThread "Finalizer"                  daemon [_thread_blocked, id=11584, stack(0x000000f470700000,0x000000f470800000) (1024K)]
  0x00000231a87e40b0 JavaThread "Signal Dispatcher"          daemon [_thread_blocked, id=32216, stack(0x000000f470800000,0x000000f470900000) (1024K)]
  0x00000231a87e4d70 JavaThread "Attach Listener"            daemon [_thread_blocked, id=27900, stack(0x000000f470900000,0x000000f470a00000) (1024K)]
  0x00000231a87e6c70 JavaThread "Service Thread"             daemon [_thread_blocked, id=22448, stack(0x000000f470a00000,0x000000f470b00000) (1024K)]
  0x00000231a87e8be0 JavaThread "Monitor Deflation Thread"   daemon [_thread_blocked, id=26280, stack(0x000000f470b00000,0x000000f470c00000) (1024K)]
=>0x00000231a87edef0 JavaThread "C2 CompilerThread0"         daemon [_thread_in_native, id=25932, stack(0x000000f470c00000,0x000000f470d00000) (1024K)]
  0x00000231ee010db0 JavaThread "C1 CompilerThread0"         daemon [_thread_blocked, id=23692, stack(0x000000f470d00000,0x000000f470e00000) (1024K)]
  0x00000231ee011480 JavaThread "C1 CompilerThread1"         daemon [_thread_blocked, id=34008, stack(0x000000f470e00000,0x000000f470f00000) (1024K)]
  0x00000231a87aaf80 JavaThread "Common-Cleaner"             daemon [_thread_blocked, id=7216, stack(0x000000f470f00000,0x000000f471000000) (1024K)]
  0x00000231ee00de00 JavaThread "C1 CompilerThread2"         daemon [_thread_blocked, id=22912, stack(0x000000f471000000,0x000000f471100000) (1024K)]
  0x00000231ee010010 JavaThread "C1 CompilerThread3"         daemon [_thread_blocked, id=12752, stack(0x000000f471100000,0x000000f471200000) (1024K)]
  0x00000231ee910110 JavaThread "Monitor Ctrl-Break"         daemon [_thread_in_native, id=9996, stack(0x000000f471600000,0x000000f471700000) (1024K)]
  0x00000231eeb392f0 JavaThread "Notification Thread"        daemon [_thread_blocked, id=29128, stack(0x000000f471700000,0x000000f471800000) (1024K)]
  0x00000231ee00e4d0 JavaThread "C2 CompilerThread1"         daemon [_thread_blocked, id=3252, stack(0x000000f471200000,0x000000f471300000) (1024K)]
  0x00000231ee0106e0 JavaThread "C2 CompilerThread2"         daemon [_thread_blocked, id=31988, stack(0x000000f471300000,0x000000f471400000) (1024K)]
  0x00000231eee89850 JavaThread "QuantumRenderer-0"          daemon [_thread_in_native, id=12392, stack(0x000000f471400000,0x000000f471500000) (1024K)]
Total: 18

Other Threads:
  0x00000231a87be7c0 VMThread "VM Thread"                           [id=19220, stack(0x000000f470500000,0x000000f470600000) (1024K)]
  0x00000231a87a9e80 WatcherThread "VM Periodic Task Thread"        [id=17312, stack(0x000000f470400000,0x000000f470500000) (1024K)]
  0x0000023189426f40 WorkerThread "GC Thread#0"                     [id=23304, stack(0x000000f46ff00000,0x000000f470000000) (1024K)]
  0x00000231894374e0 ConcurrentGCThread "G1 Main Marker"            [id=11608, stack(0x000000f470000000,0x000000f470100000) (1024K)]
  0x0000023189439a60 WorkerThread "G1 Conc#0"                       [id=14032, stack(0x000000f470100000,0x000000f470200000) (1024K)]
  0x00000231a86731d0 ConcurrentGCThread "G1 Refine#0"               [id=5144, stack(0x000000f470200000,0x000000f470300000) (1024K)]
  0x00000231a8673c40 ConcurrentGCThread "G1 Service"                [id=11340, stack(0x000000f470300000,0x000000f470400000) (1024K)]
Total: 7

Threads with active compile tasks:
C2 CompilerThread0     1614  826       4       java.io.DataInputStream::readUTF (501 bytes)
Total: 1

VM state: not at safepoint (normal execution)

VM Mutex/Monitor currently owned by a thread: None

Heap address: 0x000000070c400000, size: 3900 MB, Compressed Oops mode: Zero based, Oop shift amount: 3

CDS archive(s) mapped at: [0x00000231a9000000-0x00000231a9c90000-0x00000231a9c90000), size 13172736, SharedBaseAddress: 0x00000231a9000000, ArchiveRelocationMode: 1.
Compressed class space mapped at: 0x00000231aa000000-0x00000231ea000000, reserved size: 1073741824
Narrow klass base: 0x00000231a9000000, Narrow klass shift: 0, Narrow klass range: 0x100000000

GC Precious Log:
 CardTable entry size: 512
 Card Set container configuration: InlinePtr #cards 4 size 8 Array Of Cards #cards 16 size 48 Howl #buckets 8 coarsen threshold 3686 Howl Bitmap #cards 512 size 80 coarsen threshold 460 Card regions per heap region 1 cards per card region 4096
 CPUs: 16 total, 16 available
 Memory: 15596M
 Large Page Support: Disabled
 NUMA Support: Disabled
 Compressed Oops: Enabled (Zero based)
 Heap Region Size: 2M
 Heap Min Capacity: 8M
 Heap Initial Capacity: 244M
 Heap Max Capacity: 3900M
 Pre-touch: Disabled
 Parallel Workers: 13
 Concurrent Workers: 3
 Concurrent Refinement Workers: 13
 Periodic GC: Disabled

Heap:
 garbage-first heap   total 249856K, used 18432K [0x000000070c400000, 0x0000000800000000)
  region size 2048K, 10 young (20480K), 0 survivors (0K)
 Metaspace       used 3366K, committed 3584K, reserved 1114112K
  class space    used 342K, committed 448K, reserved 1048576K

Heap Regions: E=young(eden), S=young(survivor), O=old, HS=humongous(starts), HC=humongous(continues), CS=collection set, F=free, TAMS=top-at-mark-start, PB=parsable bottom
|   0|0x000000070c400000, 0x000000070c400000, 0x000000070c600000|  0%| F|  |TAMS 0x000000070c400000| PB 0x000000070c400000| Untracked 
|   1|0x000000070c600000, 0x000000070c600000, 0x000000070c800000|  0%| F|  |TAMS 0x000000070c600000| PB 0x000000070c600000| Untracked 
|   2|0x000000070c800000, 0x000000070c800000, 0x000000070ca00000|  0%| F|  |TAMS 0x000000070c800000| PB 0x000000070c800000| Untracked 
|   3|0x000000070ca00000, 0x000000070ca00000, 0x000000070cc00000|  0%| F|  |TAMS 0x000000070ca00000| PB 0x000000070ca00000| Untracked 
|   4|0x000000070cc00000, 0x000000070cc00000, 0x000000070ce00000|  0%| F|  |TAMS 0x000000070cc00000| PB 0x000000070cc00000| Untracked 
|   5|0x000000070ce00000, 0x000000070ce00000, 0x000000070d000000|  0%| F|  |TAMS 0x000000070ce00000| PB 0x000000070ce00000| Untracked 
|   6|0x000000070d000000, 0x000000070d000000, 0x000000070d200000|  0%| F|  |TAMS 0x000000070d000000| PB 0x000000070d000000| Untracked 
|   7|0x000000070d200000, 0x000000070d200000, 0x000000070d400000|  0%| F|  |TAMS 0x000000070d200000| PB 0x000000070d200000| Untracked 
|   8|0x000000070d400000, 0x000000070d400000, 0x000000070d600000|  0%| F|  |TAMS 0x000000070d400000| PB 0x000000070d400000| Untracked 
|   9|0x000000070d600000, 0x000000070d600000, 0x000000070d800000|  0%| F|  |TAMS 0x000000070d600000| PB 0x000000070d600000| Untracked 
|  10|0x000000070d800000, 0x000000070d800000, 0x000000070da00000|  0%| F|  |TAMS 0x000000070d800000| PB 0x000000070d800000| Untracked 
|  11|0x000000070da00000, 0x000000070da00000, 0x000000070dc00000|  0%| F|  |TAMS 0x000000070da00000| PB 0x000000070da00000| Untracked 
|  12|0x000000070dc00000, 0x000000070dc00000, 0x000000070de00000|  0%| F|  |TAMS 0x000000070dc00000| PB 0x000000070dc00000| Untracked 
|  13|0x000000070de00000, 0x000000070de00000, 0x000000070e000000|  0%| F|  |TAMS 0x000000070de00000| PB 0x000000070de00000| Untracked 
|  14|0x000000070e000000, 0x000000070e000000, 0x000000070e200000|  0%| F|  |TAMS 0x000000070e000000| PB 0x000000070e000000| Untracked 
|  15|0x000000070e200000, 0x000000070e200000, 0x000000070e400000|  0%| F|  |TAMS 0x000000070e200000| PB 0x000000070e200000| Untracked 
|  16|0x000000070e400000, 0x000000070e400000, 0x000000070e600000|  0%| F|  |TAMS 0x000000070e400000| PB 0x000000070e400000| Untracked 
|  17|0x000000070e600000, 0x000000070e600000, 0x000000070e800000|  0%| F|  |TAMS 0x000000070e600000| PB 0x000000070e600000| Untracked 
|  18|0x000000070e800000, 0x000000070e800000, 0x000000070ea00000|  0%| F|  |TAMS 0x000000070e800000| PB 0x000000070e800000| Untracked 
|  19|0x000000070ea00000, 0x000000070ea00000, 0x000000070ec00000|  0%| F|  |TAMS 0x000000070ea00000| PB 0x000000070ea00000| Untracked 
|  20|0x000000070ec00000, 0x000000070ec00000, 0x000000070ee00000|  0%| F|  |TAMS 0x000000070ec00000| PB 0x000000070ec00000| Untracked 
|  21|0x000000070ee00000, 0x000000070ee00000, 0x000000070f000000|  0%| F|  |TAMS 0x000000070ee00000| PB 0x000000070ee00000| Untracked 
|  22|0x000000070f000000, 0x000000070f000000, 0x000000070f200000|  0%| F|  |TAMS 0x000000070f000000| PB 0x000000070f000000| Untracked 
|  23|0x000000070f200000, 0x000000070f200000, 0x000000070f400000|  0%| F|  |TAMS 0x000000070f200000| PB 0x000000070f200000| Untracked 
|  24|0x000000070f400000, 0x000000070f400000, 0x000000070f600000|  0%| F|  |TAMS 0x000000070f400000| PB 0x000000070f400000| Untracked 
|  25|0x000000070f600000, 0x000000070f600000, 0x000000070f800000|  0%| F|  |TAMS 0x000000070f600000| PB 0x000000070f600000| Untracked 
|  26|0x000000070f800000, 0x000000070f800000, 0x000000070fa00000|  0%| F|  |TAMS 0x000000070f800000| PB 0x000000070f800000| Untracked 
|  27|0x000000070fa00000, 0x000000070fa00000, 0x000000070fc00000|  0%| F|  |TAMS 0x000000070fa00000| PB 0x000000070fa00000| Untracked 
|  28|0x000000070fc00000, 0x000000070fc00000, 0x000000070fe00000|  0%| F|  |TAMS 0x000000070fc00000| PB 0x000000070fc00000| Untracked 
|  29|0x000000070fe00000, 0x000000070fe00000, 0x0000000710000000|  0%| F|  |TAMS 0x000000070fe00000| PB 0x000000070fe00000| Untracked 
|  30|0x0000000710000000, 0x0000000710000000, 0x0000000710200000|  0%| F|  |TAMS 0x0000000710000000| PB 0x0000000710000000| Untracked 
|  31|0x0000000710200000, 0x0000000710200000, 0x0000000710400000|  0%| F|  |TAMS 0x0000000710200000| PB 0x0000000710200000| Untracked 
|  32|0x0000000710400000, 0x0000000710400000, 0x0000000710600000|  0%| F|  |TAMS 0x0000000710400000| PB 0x0000000710400000| Untracked 
|  33|0x0000000710600000, 0x0000000710600000, 0x0000000710800000|  0%| F|  |TAMS 0x0000000710600000| PB 0x0000000710600000| Untracked 
|  34|0x0000000710800000, 0x0000000710800000, 0x0000000710a00000|  0%| F|  |TAMS 0x0000000710800000| PB 0x0000000710800000| Untracked 
|  35|0x0000000710a00000, 0x0000000710a00000, 0x0000000710c00000|  0%| F|  |TAMS 0x0000000710a00000| PB 0x0000000710a00000| Untracked 
|  36|0x0000000710c00000, 0x0000000710c00000, 0x0000000710e00000|  0%| F|  |TAMS 0x0000000710c00000| PB 0x0000000710c00000| Untracked 
|  37|0x0000000710e00000, 0x0000000710e00000, 0x0000000711000000|  0%| F|  |TAMS 0x0000000710e00000| PB 0x0000000710e00000| Untracked 
|  38|0x0000000711000000, 0x0000000711000000, 0x0000000711200000|  0%| F|  |TAMS 0x0000000711000000| PB 0x0000000711000000| Untracked 
|  39|0x0000000711200000, 0x0000000711200000, 0x0000000711400000|  0%| F|  |TAMS 0x0000000711200000| PB 0x0000000711200000| Untracked 
|  40|0x0000000711400000, 0x0000000711400000, 0x0000000711600000|  0%| F|  |TAMS 0x0000000711400000| PB 0x0000000711400000| Untracked 
|  41|0x0000000711600000, 0x0000000711600000, 0x0000000711800000|  0%| F|  |TAMS 0x0000000711600000| PB 0x0000000711600000| Untracked 
|  42|0x0000000711800000, 0x0000000711800000, 0x0000000711a00000|  0%| F|  |TAMS 0x0000000711800000| PB 0x0000000711800000| Untracked 
|  43|0x0000000711a00000, 0x0000000711a00000, 0x0000000711c00000|  0%| F|  |TAMS 0x0000000711a00000| PB 0x0000000711a00000| Untracked 
|  44|0x0000000711c00000, 0x0000000711c00000, 0x0000000711e00000|  0%| F|  |TAMS 0x0000000711c00000| PB 0x0000000711c00000| Untracked 
|  45|0x0000000711e00000, 0x0000000711e00000, 0x0000000712000000|  0%| F|  |TAMS 0x0000000711e00000| PB 0x0000000711e00000| Untracked 
|  46|0x0000000712000000, 0x0000000712000000, 0x0000000712200000|  0%| F|  |TAMS 0x0000000712000000| PB 0x0000000712000000| Untracked 
|  47|0x0000000712200000, 0x0000000712200000, 0x0000000712400000|  0%| F|  |TAMS 0x0000000712200000| PB 0x0000000712200000| Untracked 
|  48|0x0000000712400000, 0x0000000712400000, 0x0000000712600000|  0%| F|  |TAMS 0x0000000712400000| PB 0x0000000712400000| Untracked 
|  49|0x0000000712600000, 0x0000000712600000, 0x0000000712800000|  0%| F|  |TAMS 0x0000000712600000| PB 0x0000000712600000| Untracked 
|  50|0x0000000712800000, 0x0000000712800000, 0x0000000712a00000|  0%| F|  |TAMS 0x0000000712800000| PB 0x0000000712800000| Untracked 
|  51|0x0000000712a00000, 0x0000000712a00000, 0x0000000712c00000|  0%| F|  |TAMS 0x0000000712a00000| PB 0x0000000712a00000| Untracked 
|  52|0x0000000712c00000, 0x0000000712c00000, 0x0000000712e00000|  0%| F|  |TAMS 0x0000000712c00000| PB 0x0000000712c00000| Untracked 
|  53|0x0000000712e00000, 0x0000000712e00000, 0x0000000713000000|  0%| F|  |TAMS 0x0000000712e00000| PB 0x0000000712e00000| Untracked 
|  54|0x0000000713000000, 0x0000000713000000, 0x0000000713200000|  0%| F|  |TAMS 0x0000000713000000| PB 0x0000000713000000| Untracked 
|  55|0x0000000713200000, 0x0000000713200000, 0x0000000713400000|  0%| F|  |TAMS 0x0000000713200000| PB 0x0000000713200000| Untracked 
|  56|0x0000000713400000, 0x0000000713400000, 0x0000000713600000|  0%| F|  |TAMS 0x0000000713400000| PB 0x0000000713400000| Untracked 
|  57|0x0000000713600000, 0x0000000713600000, 0x0000000713800000|  0%| F|  |TAMS 0x0000000713600000| PB 0x0000000713600000| Untracked 
|  58|0x0000000713800000, 0x0000000713800000, 0x0000000713a00000|  0%| F|  |TAMS 0x0000000713800000| PB 0x0000000713800000| Untracked 
|  59|0x0000000713a00000, 0x0000000713a00000, 0x0000000713c00000|  0%| F|  |TAMS 0x0000000713a00000| PB 0x0000000713a00000| Untracked 
|  60|0x0000000713c00000, 0x0000000713c00000, 0x0000000713e00000|  0%| F|  |TAMS 0x0000000713c00000| PB 0x0000000713c00000| Untracked 
|  61|0x0000000713e00000, 0x0000000713e00000, 0x0000000714000000|  0%| F|  |TAMS 0x0000000713e00000| PB 0x0000000713e00000| Untracked 
|  62|0x0000000714000000, 0x0000000714000000, 0x0000000714200000|  0%| F|  |TAMS 0x0000000714000000| PB 0x0000000714000000| Untracked 
|  63|0x0000000714200000, 0x0000000714200000, 0x0000000714400000|  0%| F|  |TAMS 0x0000000714200000| PB 0x0000000714200000| Untracked 
|  64|0x0000000714400000, 0x0000000714400000, 0x0000000714600000|  0%| F|  |TAMS 0x0000000714400000| PB 0x0000000714400000| Untracked 
|  65|0x0000000714600000, 0x0000000714600000, 0x0000000714800000|  0%| F|  |TAMS 0x0000000714600000| PB 0x0000000714600000| Untracked 
|  66|0x0000000714800000, 0x0000000714800000, 0x0000000714a00000|  0%| F|  |TAMS 0x0000000714800000| PB 0x0000000714800000| Untracked 
|  67|0x0000000714a00000, 0x0000000714a00000, 0x0000000714c00000|  0%| F|  |TAMS 0x0000000714a00000| PB 0x0000000714a00000| Untracked 
|  68|0x0000000714c00000, 0x0000000714c00000, 0x0000000714e00000|  0%| F|  |TAMS 0x0000000714c00000| PB 0x0000000714c00000| Untracked 
|  69|0x0000000714e00000, 0x0000000714e00000, 0x0000000715000000|  0%| F|  |TAMS 0x0000000714e00000| PB 0x0000000714e00000| Untracked 
|  70|0x0000000715000000, 0x0000000715000000, 0x0000000715200000|  0%| F|  |TAMS 0x0000000715000000| PB 0x0000000715000000| Untracked 
|  71|0x0000000715200000, 0x0000000715200000, 0x0000000715400000|  0%| F|  |TAMS 0x0000000715200000| PB 0x0000000715200000| Untracked 
|  72|0x0000000715400000, 0x0000000715400000, 0x0000000715600000|  0%| F|  |TAMS 0x0000000715400000| PB 0x0000000715400000| Untracked 
|  73|0x0000000715600000, 0x0000000715600000, 0x0000000715800000|  0%| F|  |TAMS 0x0000000715600000| PB 0x0000000715600000| Untracked 
|  74|0x0000000715800000, 0x0000000715800000, 0x0000000715a00000|  0%| F|  |TAMS 0x0000000715800000| PB 0x0000000715800000| Untracked 
|  75|0x0000000715a00000, 0x0000000715a00000, 0x0000000715c00000|  0%| F|  |TAMS 0x0000000715a00000| PB 0x0000000715a00000| Untracked 
|  76|0x0000000715c00000, 0x0000000715c00000, 0x0000000715e00000|  0%| F|  |TAMS 0x0000000715c00000| PB 0x0000000715c00000| Untracked 
|  77|0x0000000715e00000, 0x0000000715e00000, 0x0000000716000000|  0%| F|  |TAMS 0x0000000715e00000| PB 0x0000000715e00000| Untracked 
|  78|0x0000000716000000, 0x0000000716000000, 0x0000000716200000|  0%| F|  |TAMS 0x0000000716000000| PB 0x0000000716000000| Untracked 
|  79|0x0000000716200000, 0x0000000716200000, 0x0000000716400000|  0%| F|  |TAMS 0x0000000716200000| PB 0x0000000716200000| Untracked 
|  80|0x0000000716400000, 0x0000000716400000, 0x0000000716600000|  0%| F|  |TAMS 0x0000000716400000| PB 0x0000000716400000| Untracked 
|  81|0x0000000716600000, 0x0000000716600000, 0x0000000716800000|  0%| F|  |TAMS 0x0000000716600000| PB 0x0000000716600000| Untracked 
|  82|0x0000000716800000, 0x0000000716800000, 0x0000000716a00000|  0%| F|  |TAMS 0x0000000716800000| PB 0x0000000716800000| Untracked 
|  83|0x0000000716a00000, 0x0000000716a00000, 0x0000000716c00000|  0%| F|  |TAMS 0x0000000716a00000| PB 0x0000000716a00000| Untracked 
|  84|0x0000000716c00000, 0x0000000716c00000, 0x0000000716e00000|  0%| F|  |TAMS 0x0000000716c00000| PB 0x0000000716c00000| Untracked 
|  85|0x0000000716e00000, 0x0000000716e00000, 0x0000000717000000|  0%| F|  |TAMS 0x0000000716e00000| PB 0x0000000716e00000| Untracked 
|  86|0x0000000717000000, 0x0000000717000000, 0x0000000717200000|  0%| F|  |TAMS 0x0000000717000000| PB 0x0000000717000000| Untracked 
|  87|0x0000000717200000, 0x0000000717200000, 0x0000000717400000|  0%| F|  |TAMS 0x0000000717200000| PB 0x0000000717200000| Untracked 
|  88|0x0000000717400000, 0x0000000717400000, 0x0000000717600000|  0%| F|  |TAMS 0x0000000717400000| PB 0x0000000717400000| Untracked 
|  89|0x0000000717600000, 0x0000000717600000, 0x0000000717800000|  0%| F|  |TAMS 0x0000000717600000| PB 0x0000000717600000| Untracked 
|  90|0x0000000717800000, 0x0000000717800000, 0x0000000717a00000|  0%| F|  |TAMS 0x0000000717800000| PB 0x0000000717800000| Untracked 
|  91|0x0000000717a00000, 0x0000000717a00000, 0x0000000717c00000|  0%| F|  |TAMS 0x0000000717a00000| PB 0x0000000717a00000| Untracked 
|  92|0x0000000717c00000, 0x0000000717c00000, 0x0000000717e00000|  0%| F|  |TAMS 0x0000000717c00000| PB 0x0000000717c00000| Untracked 
|  93|0x0000000717e00000, 0x0000000717e00000, 0x0000000718000000|  0%| F|  |TAMS 0x0000000717e00000| PB 0x0000000717e00000| Untracked 
|  94|0x0000000718000000, 0x0000000718000000, 0x0000000718200000|  0%| F|  |TAMS 0x0000000718000000| PB 0x0000000718000000| Untracked 
|  95|0x0000000718200000, 0x0000000718200000, 0x0000000718400000|  0%| F|  |TAMS 0x0000000718200000| PB 0x0000000718200000| Untracked 
|  96|0x0000000718400000, 0x0000000718400000, 0x0000000718600000|  0%| F|  |TAMS 0x0000000718400000| PB 0x0000000718400000| Untracked 
|  97|0x0000000718600000, 0x0000000718600000, 0x0000000718800000|  0%| F|  |TAMS 0x0000000718600000| PB 0x0000000718600000| Untracked 
|  98|0x0000000718800000, 0x0000000718800000, 0x0000000718a00000|  0%| F|  |TAMS 0x0000000718800000| PB 0x0000000718800000| Untracked 
|  99|0x0000000718a00000, 0x0000000718a00000, 0x0000000718c00000|  0%| F|  |TAMS 0x0000000718a00000| PB 0x0000000718a00000| Untracked 
| 100|0x0000000718c00000, 0x0000000718c00000, 0x0000000718e00000|  0%| F|  |TAMS 0x0000000718c00000| PB 0x0000000718c00000| Untracked 
| 101|0x0000000718e00000, 0x0000000718e00000, 0x0000000719000000|  0%| F|  |TAMS 0x0000000718e00000| PB 0x0000000718e00000| Untracked 
| 102|0x0000000719000000, 0x0000000719000000, 0x0000000719200000|  0%| F|  |TAMS 0x0000000719000000| PB 0x0000000719000000| Untracked 
| 103|0x0000000719200000, 0x0000000719200000, 0x0000000719400000|  0%| F|  |TAMS 0x0000000719200000| PB 0x0000000719200000| Untracked 
| 104|0x0000000719400000, 0x0000000719400000, 0x0000000719600000|  0%| F|  |TAMS 0x0000000719400000| PB 0x0000000719400000| Untracked 
| 105|0x0000000719600000, 0x0000000719600000, 0x0000000719800000|  0%| F|  |TAMS 0x0000000719600000| PB 0x0000000719600000| Untracked 
| 106|0x0000000719800000, 0x0000000719800000, 0x0000000719a00000|  0%| F|  |TAMS 0x0000000719800000| PB 0x0000000719800000| Untracked 
| 107|0x0000000719a00000, 0x0000000719a00000, 0x0000000719c00000|  0%| F|  |TAMS 0x0000000719a00000| PB 0x0000000719a00000| Untracked 
| 108|0x0000000719c00000, 0x0000000719c00000, 0x0000000719e00000|  0%| F|  |TAMS 0x0000000719c00000| PB 0x0000000719c00000| Untracked 
| 109|0x0000000719e00000, 0x0000000719e00000, 0x000000071a000000|  0%| F|  |TAMS 0x0000000719e00000| PB 0x0000000719e00000| Untracked 
| 110|0x000000071a000000, 0x000000071a000000, 0x000000071a200000|  0%| F|  |TAMS 0x000000071a000000| PB 0x000000071a000000| Untracked 
| 111|0x000000071a200000, 0x000000071a200000, 0x000000071a400000|  0%| F|  |TAMS 0x000000071a200000| PB 0x000000071a200000| Untracked 
| 112|0x000000071a400000, 0x000000071a4e55a8, 0x000000071a600000| 44%| E|  |TAMS 0x000000071a400000| PB 0x000000071a400000| Complete 
| 113|0x000000071a600000, 0x000000071a800000, 0x000000071a800000|100%| E|CS|TAMS 0x000000071a600000| PB 0x000000071a600000| Complete 
| 114|0x000000071a800000, 0x000000071aa00000, 0x000000071aa00000|100%| E|CS|TAMS 0x000000071a800000| PB 0x000000071a800000| Complete 
| 115|0x000000071aa00000, 0x000000071ac00000, 0x000000071ac00000|100%| E|CS|TAMS 0x000000071aa00000| PB 0x000000071aa00000| Complete 
| 116|0x000000071ac00000, 0x000000071ae00000, 0x000000071ae00000|100%| E|CS|TAMS 0x000000071ac00000| PB 0x000000071ac00000| Complete 
| 117|0x000000071ae00000, 0x000000071b000000, 0x000000071b000000|100%| E|CS|TAMS 0x000000071ae00000| PB 0x000000071ae00000| Complete 
| 118|0x000000071b000000, 0x000000071b200000, 0x000000071b200000|100%| E|CS|TAMS 0x000000071b000000| PB 0x000000071b000000| Complete 
| 119|0x000000071b200000, 0x000000071b400000, 0x000000071b400000|100%| E|CS|TAMS 0x000000071b200000| PB 0x000000071b200000| Complete 
| 120|0x000000071b400000, 0x000000071b600000, 0x000000071b600000|100%| E|CS|TAMS 0x000000071b400000| PB 0x000000071b400000| Complete 
| 121|0x000000071b600000, 0x000000071b800000, 0x000000071b800000|100%| E|CS|TAMS 0x000000071b600000| PB 0x000000071b600000| Complete 

Card table byte_map: [0x00000231a1810000,0x00000231a1fb0000] _byte_map_base: 0x000002319dfae000

Marking Bits: (CMBitMap*) 0x0000023189427540
 Bits: [0x00000231a1fb0000, 0x00000231a5ca0000)

Polling page: 0x0000023188b60000

Metaspace:

Usage:
  Non-class:      2.95 MB used.
      Class:    342.21 KB used.
       Both:      3.29 MB used.

Virtual space:
  Non-class space:       64.00 MB reserved,       3.06 MB (  5%) committed,  1 nodes.
      Class space:        1.00 GB reserved,     448.00 KB ( <1%) committed,  1 nodes.
             Both:        1.06 GB reserved,       3.50 MB ( <1%) committed. 

Chunk freelists:
   Non-Class:  11.13 MB
       Class:  15.57 MB
        Both:  26.70 MB

MaxMetaspaceSize: unlimited
CompressedClassSpaceSize: 1.00 GB
Initial GC threshold: 21.00 MB
Current GC threshold: 21.00 MB
CDS: on
 - commit_granule_bytes: 65536.
 - commit_granule_words: 8192.
 - virtual_space_node_default_size: 8388608.
 - enlarge_chunks_in_place: 1.
 - use_allocation_guard: 0.


Internal statistics:

num_allocs_failed_limit: 0.
num_arena_births: 116.
num_arena_deaths: 0.
num_vsnodes_births: 2.
num_vsnodes_deaths: 0.
num_space_committed: 56.
num_space_uncommitted: 0.
num_chunks_returned_to_freelist: 0.
num_chunks_taken_from_freelist: 175.
num_chunk_merges: 0.
num_chunk_splits: 113.
num_chunks_enlarged: 68.
num_inconsistent_stats: 0.

CodeHeap 'non-profiled nmethods': size=119168Kb used=331Kb max_used=331Kb free=118836Kb
 bounds [0x0000023199390000, 0x0000023199600000, 0x00000231a07f0000]
CodeHeap 'profiled nmethods': size=119104Kb used=1450Kb max_used=1450Kb free=117653Kb
 bounds [0x00000231917f0000, 0x0000023191a60000, 0x0000023198c40000]
CodeHeap 'non-nmethods': size=7488Kb used=3078Kb max_used=3092Kb free=4409Kb
 bounds [0x0000023198c40000, 0x0000023198f50000, 0x0000023199390000]
 total_blobs=1443 nmethods=952 adapters=393
 compilation: enabled
              stopped_count=0, restarted_count=0
 full_count=0

Compilation events (20 events):
Event: 1.568 Thread 0x00000231ee011480  945       3       java.util.ImmutableCollections$ListN::size (6 bytes)
Event: 1.568 Thread 0x00000231ee011480 nmethod 945 0x0000023191957790 code [0x0000023191957920, 0x0000023191957a38]
Event: 1.568 Thread 0x00000231ee00de00  948       3       java.lang.reflect.Array::newInstance (6 bytes)
Event: 1.568 Thread 0x00000231ee00de00 nmethod 948 0x0000023191957b10 code [0x0000023191957cc0, 0x0000023191957dd8]
Event: 1.568 Thread 0x00000231ee010010  949       3       jdk.internal.org.objectweb.asm.MethodWriter::visitMethodInsn (191 bytes)
Event: 1.568 Thread 0x00000231ee011480  950       3       jdk.internal.org.objectweb.asm.SymbolTable::addConstantMethodref (24 bytes)
Event: 1.568 Thread 0x00000231ee011480 nmethod 950 0x0000023191957e90 code [0x0000023191958040, 0x00000231919581e8]
Event: 1.569 Thread 0x00000231ee00e4d0 nmethod 942 0x00000231993e2310 code [0x00000231993e24a0, 0x00000231993e2608]
Event: 1.569 Thread 0x00000231ee0106e0  951       4       java.lang.StringConcatHelper::newArray (40 bytes)
Event: 1.569 Thread 0x00000231ee010010 nmethod 949 0x0000023191958290 code [0x00000231919584e0, 0x0000023191958c80]
Event: 1.570 Thread 0x00000231ee0106e0 nmethod 951 0x00000231993e2710 code [0x00000231993e28a0, 0x00000231993e29d0]
Event: 1.571 Thread 0x00000231ee00de00  952       3       java.util.Collections$SetFromMap::add (22 bytes)
Event: 1.571 Thread 0x00000231ee00de00 nmethod 952 0x0000023191958f90 code [0x0000023191959140, 0x0000023191959380]
Event: 1.572 Thread 0x00000231ee0106e0  953       4       jdk.internal.misc.Unsafe::allocateUninitializedArray (55 bytes)
Event: 1.573 Thread 0x00000231ee011480  954       3       java.util.jar.JarFile::getJarEntry (9 bytes)
Event: 1.573 Thread 0x00000231ee00de00  955       3       java.util.jar.JarFile::getEntry (35 bytes)
Event: 1.573 Thread 0x00000231ee0106e0 nmethod 953 0x00000231993e2a90 code [0x00000231993e2c20, 0x00000231993e2e00]
Event: 1.574 Thread 0x00000231ee011480 nmethod 954 0x0000023191959490 code [0x0000023191959680, 0x0000023191959b60]
Event: 1.574 Thread 0x00000231ee00de00 nmethod 955 0x0000023191959c90 code [0x0000023191959ea0, 0x000002319195a340]
Event: 1.575 Thread 0x00000231ee010db0  956   !   3       java.io.WinNTFileSystem::isInvalid (78 bytes)

GC Heap History (0 events):
No events

Dll operation events (20 events):
Event: 1.210 Loaded shared library C:\Users\walte\.openjfx\cache\21-ea+null\amd64\api-ms-win-crt-environment-l1-1-0.dll
Event: 1.218 Loaded shared library C:\Users\walte\.openjfx\cache\21-ea+null\amd64\api-ms-win-crt-filesystem-l1-1-0.dll
Event: 1.227 Loaded shared library C:\Users\walte\.openjfx\cache\21-ea+null\amd64\api-ms-win-crt-heap-l1-1-0.dll
Event: 1.236 Loaded shared library C:\Users\walte\.openjfx\cache\21-ea+null\amd64\api-ms-win-crt-locale-l1-1-0.dll
Event: 1.246 Loaded shared library C:\Users\walte\.openjfx\cache\21-ea+null\amd64\api-ms-win-crt-math-l1-1-0.dll
Event: 1.254 Loaded shared library C:\Users\walte\.openjfx\cache\21-ea+null\amd64\api-ms-win-crt-multibyte-l1-1-0.dll
Event: 1.264 Loaded shared library C:\Users\walte\.openjfx\cache\21-ea+null\amd64\api-ms-win-crt-private-l1-1-0.dll
Event: 1.274 Loaded shared library C:\Users\walte\.openjfx\cache\21-ea+null\amd64\api-ms-win-crt-process-l1-1-0.dll
Event: 1.283 Loaded shared library C:\Users\walte\.openjfx\cache\21-ea+null\amd64\api-ms-win-crt-runtime-l1-1-0.dll
Event: 1.302 Loaded shared library C:\Users\walte\.openjfx\cache\21-ea+null\amd64\api-ms-win-crt-stdio-l1-1-0.dll
Event: 1.312 Loaded shared library C:\Users\walte\.openjfx\cache\21-ea+null\amd64\api-ms-win-crt-string-l1-1-0.dll
Event: 1.321 Loaded shared library C:\Users\walte\.openjfx\cache\21-ea+null\amd64\api-ms-win-crt-time-l1-1-0.dll
Event: 1.332 Loaded shared library C:\Users\walte\.openjfx\cache\21-ea+null\amd64\api-ms-win-crt-utility-l1-1-0.dll
Event: 1.356 Loaded shared library C:\Users\walte\.openjfx\cache\21-ea+null\amd64\ucrtbase.dll
Event: 1.366 Loaded shared library C:\Users\walte\.openjfx\cache\21-ea+null\amd64\vcruntime140.dll
Event: 1.474 Loaded shared library C:\Users\walte\.openjfx\cache\21-ea+null\amd64\vcruntime140_1.dll
Event: 1.480 Loaded shared library C:\Users\walte\.jdks\openjdk-21.0.2\bin\jimage.dll
Event: 1.490 Loaded shared library C:\Users\walte\.openjfx\cache\21-ea+null\amd64\msvcp140.dll
Event: 1.499 Loaded shared library C:\Users\walte\.openjfx\cache\21-ea+null\amd64\msvcp140_1.dll
Event: 1.511 Loaded shared library C:\Users\walte\.openjfx\cache\21-ea+null\amd64\msvcp140_2.dll

Deoptimization events (20 events):
Event: 1.473 Thread 0x00000231a87e4d70 Uncommon trap: trap_request=0xffffff45 fr.pc=0x00000231993c9928 relative=0x0000000000000088
Event: 1.473 Thread 0x00000231a87e4d70 Uncommon trap: reason=unstable_if action=reinterpret pc=0x00000231993c9928 method=jdk.internal.misc.Unsafe.convEndian(ZI)I @ 4 c2
Event: 1.473 Thread 0x00000231a87e4d70 DEOPT PACKING pc=0x00000231993c9928 sp=0x000000f4709feaa0
Event: 1.473 Thread 0x00000231a87e4d70 DEOPT UNPACKING pc=0x0000023198c946a2 sp=0x000000f4709fe9d0 mode 2
Event: 1.473 Thread 0x00000231a87e4d70 Uncommon trap: trap_request=0xffffff45 fr.pc=0x00000231993ccae4 relative=0x0000000000000044
Event: 1.473 Thread 0x00000231a87e4d70 Uncommon trap: reason=unstable_if action=reinterpret pc=0x00000231993ccae4 method=jdk.internal.misc.Unsafe.convEndian(ZI)I @ 4 c2
Event: 1.473 Thread 0x00000231a87e4d70 DEOPT PACKING pc=0x00000231993ccae4 sp=0x000000f4709feab0
Event: 1.473 Thread 0x00000231a87e4d70 DEOPT UNPACKING pc=0x0000023198c946a2 sp=0x000000f4709fea48 mode 2
Event: 1.490 Thread 0x00000231a87e4d70 Uncommon trap: trap_request=0xffffff3d fr.pc=0x00000231993cc4d0 relative=0x0000000000000bb0
Event: 1.490 Thread 0x00000231a87e4d70 Uncommon trap: reason=unstable_fused_if action=reinterpret pc=0x00000231993cc4d0 method=java.util.HashMap.resize()[Ljava/util/HashMap$Node; @ 31 c2
Event: 1.490 Thread 0x00000231a87e4d70 DEOPT PACKING pc=0x00000231993cc4d0 sp=0x000000f4709fdd40
Event: 1.490 Thread 0x00000231a87e4d70 DEOPT UNPACKING pc=0x0000023198c946a2 sp=0x000000f4709fdcc8 mode 2
Event: 1.494 Thread 0x00000231a87e4d70 Uncommon trap: trap_request=0xffffff45 fr.pc=0x00000231993a2344 relative=0x0000000000000124
Event: 1.494 Thread 0x00000231a87e4d70 Uncommon trap: reason=unstable_if action=reinterpret pc=0x00000231993a2344 method=java.lang.StringLatin1.lastIndexOf([BI[BII)I @ 86 c2
Event: 1.494 Thread 0x00000231a87e4d70 DEOPT PACKING pc=0x00000231993a2344 sp=0x000000f4709fe410
Event: 1.494 Thread 0x00000231a87e4d70 DEOPT UNPACKING pc=0x0000023198c946a2 sp=0x000000f4709fe368 mode 2
Event: 1.575 Thread 0x00000231eee89850 Uncommon trap: trap_request=0xffffffde fr.pc=0x00000231993e2d44 relative=0x0000000000000124
Event: 1.575 Thread 0x00000231eee89850 Uncommon trap: reason=class_check action=maybe_recompile pc=0x00000231993e2d44 method=jdk.internal.misc.Unsafe.allocateUninitializedArray(Ljava/lang/Class;I)Ljava/lang/Object; @ 51 c2
Event: 1.575 Thread 0x00000231eee89850 DEOPT PACKING pc=0x00000231993e2d44 sp=0x000000f4714fdea0
Event: 1.575 Thread 0x00000231eee89850 DEOPT UNPACKING pc=0x0000023198c946a2 sp=0x000000f4714fde18 mode 2

Classes loaded (20 events):
Event: 1.560 Loading class java/util/concurrent/RejectedExecutionHandler done
Event: 1.560 Loading class java/util/concurrent/ThreadPoolExecutor$AbortPolicy done
Event: 1.560 Loading class java/util/concurrent/atomic/AtomicReference
Event: 1.560 Loading class java/util/concurrent/atomic/AtomicReference done
Event: 1.561 Loading class java/util/concurrent/LinkedBlockingQueue
Event: 1.561 Loading class java/util/AbstractQueue
Event: 1.561 Loading class java/util/AbstractQueue done
Event: 1.561 Loading class java/util/concurrent/LinkedBlockingQueue done
Event: 1.561 Loading class java/util/concurrent/LinkedBlockingQueue$Node
Event: 1.561 Loading class java/util/concurrent/LinkedBlockingQueue$Node done
Event: 1.561 Loading class java/util/concurrent/Executors
Event: 1.561 Loading class java/util/concurrent/Executors done
Event: 1.562 Loading class java/util/concurrent/Executors$DefaultThreadFactory
Event: 1.562 Loading class java/util/concurrent/Executors$DefaultThreadFactory done
Event: 1.563 Loading class java/util/concurrent/ThreadPoolExecutor$Worker
Event: 1.563 Loading class java/util/concurrent/ThreadPoolExecutor$Worker done
Event: 1.564 Loading class java/lang/Thread$ThreadNumbering
Event: 1.564 Loading class java/lang/Thread$ThreadNumbering done
Event: 1.569 Loading class java/util/concurrent/locks/AbstractQueuedSynchronizer$SharedNode
Event: 1.569 Loading class java/util/concurrent/locks/AbstractQueuedSynchronizer$SharedNode done

Classes unloaded (0 events):
No events

Classes redefined (0 events):
No events

Internal exceptions (11 events):
Event: 0.623 Thread 0x00000231893c3660 Exception <a 'java/lang/NoSuchMethodError'{0x000000071b5c57a8}: 'void java.lang.invoke.DirectMethodHandle$Holder.invokeVirtual(java.lang.Object, java.lang.Object)'> (0x000000071b5c57a8) 
thrown [s\open\src\hotspot\share\interpreter\linkResolver.cpp, line 773]
Event: 0.626 Thread 0x00000231893c3660 Exception <a 'java/lang/NoSuchMethodError'{0x000000071b5d01b8}: 'java.lang.Object java.lang.invoke.DirectMethodHandle$Holder.invokeInterface(java.lang.Object, java.lang.Object, java.lang.Object)'> (0x000000071b5d01b8) 
thrown [s\open\src\hotspot\share\interpreter\linkResolver.cpp, line 773]
Event: 0.752 Thread 0x00000231893c3660 Exception <a 'java/lang/NoSuchMethodError'{0x000000071ae847a0}: 'void java.lang.invoke.DirectMethodHandle$Holder.invokeStatic(java.lang.Object, java.lang.Object, java.lang.Object)'> (0x000000071ae847a0) 
thrown [s\open\src\hotspot\share\interpreter\linkResolver.cpp, line 773]
Event: 0.758 Thread 0x00000231893c3660 Exception <a 'java/lang/NoSuchMethodError'{0x000000071ae9afb8}: 'java.lang.Object java.lang.invoke.Invokers$Holder.invokeExact_MT(java.lang.Object, java.lang.Object, java.lang.Object, java.lang.Object, java.lang.Object)'> (0x000000071ae9afb8) 
thrown [s\open\src\hotspot\share\interpreter\linkResolver.cpp, line 773]
Event: 0.783 Thread 0x00000231ee910110 Exception <a 'java/lang/ClassNotFoundException'{0x000000071aee5f78}: jdk/net/ExtendedSocketOptions> (0x000000071aee5f78) 
thrown [s\open\src\hotspot\share\classfile\systemDictionary.cpp, line 312]
Event: 0.784 Thread 0x00000231ee910110 Exception <a 'java/lang/NoSuchMethodError'{0x000000071aee7628}: 'void java.lang.invoke.DirectMethodHandle$Holder.invokeStatic(java.lang.Object, java.lang.Object)'> (0x000000071aee7628) 
thrown [s\open\src\hotspot\share\interpreter\linkResolver.cpp, line 773]
Event: 0.818 Thread 0x00000231893c3660 Exception <a 'java/lang/NoSuchMethodError'{0x000000071afaf128}: 'void java.lang.invoke.DirectMethodHandle$Holder.invokeStatic(java.lang.Object, java.lang.Object, java.lang.Object, java.lang.Object)'> (0x000000071afaf128) 
thrown [s\open\src\hotspot\share\interpreter\linkResolver.cpp, line 773]
Event: 0.819 Thread 0x00000231893c3660 Exception <a 'java/lang/NoSuchMethodError'{0x000000071afb2df8}: 'void java.lang.invoke.DirectMethodHandle$Holder.invokeSpecial(java.lang.Object, java.lang.Object, java.lang.Object, java.lang.Object, java.lang.Object)'> (0x000000071afb2df8) 
thrown [s\open\src\hotspot\share\interpreter\linkResolver.cpp, line 773]
Event: 0.823 Thread 0x00000231893c3660 Exception <a 'java/lang/NoSuchMethodError'{0x000000071afc47d8}: 'java.lang.Object java.lang.invoke.Invokers$Holder.invokeExact_MT(java.lang.Object, java.lang.Object, java.lang.Object, java.lang.Object, java.lang.Object, java.lang.Object)'> (0x000000071afc47d8) 
thrown [s\open\src\hotspot\share\interpreter\linkResolver.cpp, line 773]
Event: 1.504 Thread 0x00000231a87e4d70 Exception <a 'sun/nio/fs/WindowsException'{0x000000071a9ca920}> (0x000000071a9ca920) 
thrown [s\open\src\hotspot\share\prims\jni.cpp, line 520]
Event: 1.557 Thread 0x00000231893c3660 Exception <a 'java/lang/NoSuchMethodError'{0x000000071a7e4888}: 'void java.lang.invoke.DirectMethodHandle$Holder.invokeSpecial(java.lang.Object, java.lang.Object, java.lang.Object)'> (0x000000071a7e4888) 
thrown [s\open\src\hotspot\share\interpreter\linkResolver.cpp, line 773]

ZGC Phase Switch (0 events):
No events

VM Operations (4 events):
Event: 0.708 Executing VM operation: HandshakeAllThreads (Deoptimize)
Event: 0.708 Executing VM operation: HandshakeAllThreads (Deoptimize) done
Event: 0.709 Executing VM operation: HandshakeAllThreads (Deoptimize)
Event: 0.709 Executing VM operation: HandshakeAllThreads (Deoptimize) done

Events (20 events):
Event: 0.444 Thread 0x00000231a87e8be0 Thread added: 0x00000231a87e8be0
Event: 0.445 Thread 0x00000231a87edef0 Thread added: 0x00000231a87edef0
Event: 0.445 Thread 0x00000231ee010db0 Thread added: 0x00000231ee010db0
Event: 0.451 Thread 0x00000231ee011480 Thread added: 0x00000231ee011480
Event: 0.499 Thread 0x00000231a87aaf80 Thread added: 0x00000231a87aaf80
Event: 0.593 Thread 0x00000231ee00de00 Thread added: 0x00000231ee00de00
Event: 0.594 Thread 0x00000231ee010010 Thread added: 0x00000231ee010010
Event: 0.600 Thread 0x00000231ee00e4d0 Thread added: 0x00000231ee00e4d0
Event: 0.679 Thread 0x00000231ee00f940 Thread added: 0x00000231ee00f940
Event: 0.688 Thread 0x00000231ee00f270 Thread added: 0x00000231ee00f270
Event: 0.724 Thread 0x00000231ee00eba0 Thread added: 0x00000231ee00eba0
Event: 0.777 Thread 0x00000231ee910110 Thread added: 0x00000231ee910110
Event: 0.777 Thread 0x00000231eeb392f0 Thread added: 0x00000231eeb392f0
Event: 1.136 Thread 0x00000231ee00eba0 Thread exited: 0x00000231ee00eba0
Event: 1.139 Thread 0x00000231ee00f270 Thread exited: 0x00000231ee00f270
Event: 1.139 Thread 0x00000231ee00f940 Thread exited: 0x00000231ee00f940
Event: 1.148 Thread 0x00000231ee00e4d0 Thread exited: 0x00000231ee00e4d0
Event: 1.499 Thread 0x00000231ee00e4d0 Thread added: 0x00000231ee00e4d0
Event: 1.499 Thread 0x00000231ee0106e0 Thread added: 0x00000231ee0106e0
Event: 1.569 Thread 0x00000231eee89850 Thread added: 0x00000231eee89850


Dynamic libraries:
0x00007ff7d0e00000 - 0x00007ff7d0e0e000 	C:\Users\walte\.jdks\openjdk-21.0.2\bin\java.exe
0x00007ffcdceb0000 - 0x00007ffcdd0c7000 	C:\Windows\SYSTEM32\ntdll.dll
0x00007ffcdbee0000 - 0x00007ffcdbfa4000 	C:\Windows\System32\KERNEL32.DLL
0x00007ffcda4e0000 - 0x00007ffcda886000 	C:\Windows\System32\KERNELBASE.dll
0x0000000071bb0000 - 0x0000000071ee2000 	C:\Program Files\Norton Security\NortonData\22.23.10.10\Definitions\IPSDefs\20240213.064\IPSEng64.dll
0x00007ffcdc620000 - 0x00007ffcdc6d3000 	C:\Windows\System32\ADVAPI32.dll
0x00007ffcdac30000 - 0x00007ffcdacd7000 	C:\Windows\System32\msvcrt.dll
0x00007ffcdc3b0000 - 0x00007ffcdc458000 	C:\Windows\System32\sechost.dll
0x00007ffcdaa30000 - 0x00007ffcdaa58000 	C:\Windows\System32\bcrypt.dll
0x00007ffcdc0e0000 - 0x00007ffcdc1f7000 	C:\Windows\System32\RPCRT4.dll
0x00007ffcdc200000 - 0x00007ffcdc208000 	C:\Windows\System32\PSAPI.DLL
0x00007ffcdaa60000 - 0x00007ffcdab71000 	C:\Windows\System32\ucrtbase.dll
0x00007ffcd5b70000 - 0x00007ffcd5b8b000 	C:\Users\walte\.jdks\openjdk-21.0.2\bin\VCRUNTIME140.dll
0x00007ffcd4150000 - 0x00007ffcd4168000 	C:\Users\walte\.jdks\openjdk-21.0.2\bin\jli.dll
0x00007ffcdc460000 - 0x00007ffcdc60e000 	C:\Windows\System32\USER32.dll
0x00007ffcdaa00000 - 0x00007ffcdaa26000 	C:\Windows\System32\win32u.dll
0x00007ffcdc010000 - 0x00007ffcdc039000 	C:\Windows\System32\GDI32.dll
0x00007ffcc5330000 - 0x00007ffcc55c3000 	C:\Windows\WinSxS\amd64_microsoft.windows.common-controls_6595b64144ccf1df_6.0.22621.2506_none_270c5ae97388e100\COMCTL32.dll
0x00007ffcda300000 - 0x00007ffcda418000 	C:\Windows\System32\gdi32full.dll
0x00007ffcda260000 - 0x00007ffcda2fa000 	C:\Windows\System32\msvcp_win.dll
0x00007ffcdaec0000 - 0x00007ffcdaef1000 	C:\Windows\System32\IMM32.DLL
0x00007ffcd4140000 - 0x00007ffcd414c000 	C:\Users\walte\.jdks\openjdk-21.0.2\bin\vcruntime140_1.dll
0x00007ffcc6120000 - 0x00007ffcc61ae000 	C:\Users\walte\.jdks\openjdk-21.0.2\bin\msvcp140.dll
0x00007ffc79a20000 - 0x00007ffc7a737000 	C:\Users\walte\.jdks\openjdk-21.0.2\bin\server\jvm.dll
0x00007ffcdade0000 - 0x00007ffcdae51000 	C:\Windows\System32\WS2_32.dll
0x00007ffcd9050000 - 0x00007ffcd909d000 	C:\Windows\SYSTEM32\POWRPROF.dll
0x00007ffcd2330000 - 0x00007ffcd2364000 	C:\Windows\SYSTEM32\WINMM.dll
0x00007ffcd09f0000 - 0x00007ffcd09fa000 	C:\Windows\SYSTEM32\VERSION.dll
0x00007ffcd9030000 - 0x00007ffcd9043000 	C:\Windows\SYSTEM32\UMPDC.dll
0x00007ffcd92f0000 - 0x00007ffcd9308000 	C:\Windows\SYSTEM32\kernel.appcore.dll
0x00007ffcd4130000 - 0x00007ffcd413a000 	C:\Users\walte\.jdks\openjdk-21.0.2\bin\jimage.dll
0x00007ffcd7ba0000 - 0x00007ffcd7dd3000 	C:\Windows\SYSTEM32\DBGHELP.DLL
0x00007ffcdaf00000 - 0x00007ffcdb289000 	C:\Windows\System32\combase.dll
0x00007ffcdb4f0000 - 0x00007ffcdb5c7000 	C:\Windows\System32\OLEAUT32.dll
0x00007ffcb9b80000 - 0x00007ffcb9bb2000 	C:\Windows\SYSTEM32\dbgcore.DLL
0x00007ffcdab80000 - 0x00007ffcdabfa000 	C:\Windows\System32\bcryptPrimitives.dll
0x00007ffcd5b90000 - 0x00007ffcd5b9f000 	C:\Users\walte\.jdks\openjdk-21.0.2\bin\instrument.dll
0x00007ffcd4110000 - 0x00007ffcd412f000 	C:\Users\walte\.jdks\openjdk-21.0.2\bin\java.dll
0x00007ffcdb680000 - 0x00007ffcdbedb000 	C:\Windows\System32\SHELL32.dll
0x00007ffcd8110000 - 0x00007ffcd8a06000 	C:\Windows\SYSTEM32\windows.storage.dll
0x00007ffcd7fd0000 - 0x00007ffcd810e000 	C:\Windows\SYSTEM32\wintypes.dll
0x00007ffcdb3f0000 - 0x00007ffcdb4e3000 	C:\Windows\System32\SHCORE.dll
0x00007ffcdc930000 - 0x00007ffcdc98e000 	C:\Windows\System32\shlwapi.dll
0x00007ffcda120000 - 0x00007ffcda146000 	C:\Windows\SYSTEM32\profapi.dll
0x00007ffcc5800000 - 0x00007ffcc58d7000 	C:\Users\walte\.jdks\openjdk-21.0.2\bin\jsvml.dll
0x00007ffcd4100000 - 0x00007ffcd4110000 	C:\Users\walte\.jdks\openjdk-21.0.2\bin\net.dll
0x00007ffcd5ef0000 - 0x00007ffcd6027000 	C:\Windows\SYSTEM32\WINHTTP.dll
0x00007ffcd97a0000 - 0x00007ffcd9809000 	C:\Windows\system32\mswsock.dll
0x00007ffcd2550000 - 0x00007ffcd2566000 	C:\Users\walte\.jdks\openjdk-21.0.2\bin\nio.dll
0x00007ffcae140000 - 0x00007ffcae158000 	C:\Users\walte\.jdks\openjdk-21.0.2\bin\zip.dll
0x00007ffcd2380000 - 0x00007ffcd239a000 	C:\Program Files\JetBrains\IntelliJ IDEA 2023.2.3\bin\breakgen64.dll
0x0000023189310000 - 0x0000023189313000 	C:\Users\walte\.openjfx\cache\21-ea+null\amd64\api-ms-win-core-console-l1-1-0.dll
0x0000023189320000 - 0x0000023189323000 	C:\Users\walte\.openjfx\cache\21-ea+null\amd64\api-ms-win-core-console-l1-2-0.dll
0x0000023189330000 - 0x0000023189333000 	C:\Users\walte\.openjfx\cache\21-ea+null\amd64\api-ms-win-core-datetime-l1-1-0.dll
0x0000023189340000 - 0x0000023189343000 	C:\Users\walte\.openjfx\cache\21-ea+null\amd64\api-ms-win-core-debug-l1-1-0.dll
0x0000023189350000 - 0x0000023189353000 	C:\Users\walte\.openjfx\cache\21-ea+null\amd64\api-ms-win-core-errorhandling-l1-1-0.dll
0x00000231a8e70000 - 0x00000231a8e74000 	C:\Users\walte\.openjfx\cache\21-ea+null\amd64\api-ms-win-core-file-l1-1-0.dll
0x00000231a8e80000 - 0x00000231a8e83000 	C:\Users\walte\.openjfx\cache\21-ea+null\amd64\api-ms-win-core-file-l1-2-0.dll
0x00000231a8e90000 - 0x00000231a8e93000 	C:\Users\walte\.openjfx\cache\21-ea+null\amd64\api-ms-win-core-file-l2-1-0.dll
0x00000231a8ea0000 - 0x00000231a8ea3000 	C:\Users\walte\.openjfx\cache\21-ea+null\amd64\api-ms-win-core-handle-l1-1-0.dll
0x00000231a8eb0000 - 0x00000231a8eb3000 	C:\Users\walte\.openjfx\cache\21-ea+null\amd64\api-ms-win-core-heap-l1-1-0.dll
0x00000231a8ec0000 - 0x00000231a8ec3000 	C:\Users\walte\.openjfx\cache\21-ea+null\amd64\api-ms-win-core-interlocked-l1-1-0.dll
0x00000231a8ed0000 - 0x00000231a8ed3000 	C:\Users\walte\.openjfx\cache\21-ea+null\amd64\api-ms-win-core-libraryloader-l1-1-0.dll
0x00000231a8ee0000 - 0x00000231a8ee3000 	C:\Users\walte\.openjfx\cache\21-ea+null\amd64\api-ms-win-core-localization-l1-2-0.dll
0x00000231a8ef0000 - 0x00000231a8ef3000 	C:\Users\walte\.openjfx\cache\21-ea+null\amd64\api-ms-win-core-memory-l1-1-0.dll
0x00000231a8f00000 - 0x00000231a8f03000 	C:\Users\walte\.openjfx\cache\21-ea+null\amd64\api-ms-win-core-namedpipe-l1-1-0.dll
0x00000231a8f10000 - 0x00000231a8f13000 	C:\Users\walte\.openjfx\cache\21-ea+null\amd64\api-ms-win-core-processenvironment-l1-1-0.dll
0x00000231a8f20000 - 0x00000231a8f23000 	C:\Users\walte\.openjfx\cache\21-ea+null\amd64\api-ms-win-core-processthreads-l1-1-0.dll
0x00000231a8f30000 - 0x00000231a8f33000 	C:\Users\walte\.openjfx\cache\21-ea+null\amd64\api-ms-win-core-processthreads-l1-1-1.dll
0x00000231a8f40000 - 0x00000231a8f43000 	C:\Users\walte\.openjfx\cache\21-ea+null\amd64\api-ms-win-core-profile-l1-1-0.dll
0x00000231a8f50000 - 0x00000231a8f53000 	C:\Users\walte\.openjfx\cache\21-ea+null\amd64\api-ms-win-core-rtlsupport-l1-1-0.dll
0x00000231a8f60000 - 0x00000231a8f63000 	C:\Users\walte\.openjfx\cache\21-ea+null\amd64\api-ms-win-core-string-l1-1-0.dll
0x00000231a8f70000 - 0x00000231a8f73000 	C:\Users\walte\.openjfx\cache\21-ea+null\amd64\api-ms-win-core-synch-l1-1-0.dll
0x00000231a8f80000 - 0x00000231a8f83000 	C:\Users\walte\.openjfx\cache\21-ea+null\amd64\api-ms-win-core-synch-l1-2-0.dll
0x00000231a8f90000 - 0x00000231a8f93000 	C:\Users\walte\.openjfx\cache\21-ea+null\amd64\api-ms-win-core-sysinfo-l1-1-0.dll
0x00000231a8fa0000 - 0x00000231a8fa3000 	C:\Users\walte\.openjfx\cache\21-ea+null\amd64\api-ms-win-core-timezone-l1-1-0.dll
0x00000231a8fb0000 - 0x00000231a8fb3000 	C:\Users\walte\.openjfx\cache\21-ea+null\amd64\api-ms-win-core-util-l1-1-0.dll
0x00000231a8fc0000 - 0x00000231a8fc3000 	C:\Users\walte\.openjfx\cache\21-ea+null\amd64\api-ms-win-crt-conio-l1-1-0.dll
0x00000231a8fd0000 - 0x00000231a8fd4000 	C:\Users\walte\.openjfx\cache\21-ea+null\amd64\api-ms-win-crt-convert-l1-1-0.dll
0x00000231a8fe0000 - 0x00000231a8fe3000 	C:\Users\walte\.openjfx\cache\21-ea+null\amd64\api-ms-win-crt-environment-l1-1-0.dll
0x00000231a8ff0000 - 0x00000231a8ff3000 	C:\Users\walte\.openjfx\cache\21-ea+null\amd64\api-ms-win-crt-filesystem-l1-1-0.dll
0x00000231efbd0000 - 0x00000231efbd3000 	C:\Users\walte\.openjfx\cache\21-ea+null\amd64\api-ms-win-crt-heap-l1-1-0.dll
0x00000231efbe0000 - 0x00000231efbe3000 	C:\Users\walte\.openjfx\cache\21-ea+null\amd64\api-ms-win-crt-locale-l1-1-0.dll
0x00000231efbf0000 - 0x00000231efbf5000 	C:\Users\walte\.openjfx\cache\21-ea+null\amd64\api-ms-win-crt-math-l1-1-0.dll
0x00000231efc00000 - 0x00000231efc05000 	C:\Users\walte\.openjfx\cache\21-ea+null\amd64\api-ms-win-crt-multibyte-l1-1-0.dll
0x00000231efc10000 - 0x00000231efc20000 	C:\Users\walte\.openjfx\cache\21-ea+null\amd64\api-ms-win-crt-private-l1-1-0.dll
0x00000231efc20000 - 0x00000231efc23000 	C:\Users\walte\.openjfx\cache\21-ea+null\amd64\api-ms-win-crt-process-l1-1-0.dll
0x00000231efc30000 - 0x00000231efc34000 	C:\Users\walte\.openjfx\cache\21-ea+null\amd64\api-ms-win-crt-runtime-l1-1-0.dll
0x00000231efc40000 - 0x00000231efc44000 	C:\Users\walte\.openjfx\cache\21-ea+null\amd64\api-ms-win-crt-stdio-l1-1-0.dll
0x00000231efc50000 - 0x00000231efc54000 	C:\Users\walte\.openjfx\cache\21-ea+null\amd64\api-ms-win-crt-string-l1-1-0.dll
0x00000231efc60000 - 0x00000231efc63000 	C:\Users\walte\.openjfx\cache\21-ea+null\amd64\api-ms-win-crt-time-l1-1-0.dll
0x00000231efc70000 - 0x00000231efc73000 	C:\Users\walte\.openjfx\cache\21-ea+null\amd64\api-ms-win-crt-utility-l1-1-0.dll
0x00007ffca7720000 - 0x00007ffca781c000 	C:\Users\walte\.openjfx\cache\21-ea+null\amd64\ucrtbase.dll
0x00007ffcc1150000 - 0x00007ffcc116b000 	C:\Users\walte\.openjfx\cache\21-ea+null\amd64\vcruntime140.dll
0x00007ffcc8b10000 - 0x00007ffcc8b1c000 	C:\Users\walte\.openjfx\cache\21-ea+null\amd64\vcruntime140_1.dll
0x00007ffcb7800000 - 0x00007ffcb788e000 	C:\Users\walte\.openjfx\cache\21-ea+null\amd64\msvcp140.dll
0x00007ffcdc210000 - 0x00007ffcdc3b0000 	C:\Windows\System32\ole32.dll
0x00007ffcc8a60000 - 0x00007ffcc8a69000 	C:\Users\walte\.openjfx\cache\21-ea+null\amd64\msvcp140_1.dll
0x00007ffcbe430000 - 0x00007ffcbe45f000 	C:\Users\walte\.openjfx\cache\21-ea+null\amd64\msvcp140_2.dll
0x00007ffcbe310000 - 0x00007ffcbe33f000 	C:\Users\walte\.openjfx\cache\21-ea+null\amd64\prism_d3d.dll
0x00007ffcc3530000 - 0x00007ffcc36d9000 	C:\Windows\system32\d3d9.dll
0x00007ffcd7540000 - 0x00007ffcd756b000 	C:\Windows\SYSTEM32\dwmapi.dll
0x00007ffcd7610000 - 0x00007ffcd7649000 	C:\Windows\SYSTEM32\dxcore.dll
0x00007ffcd72c0000 - 0x00007ffcd736b000 	C:\Windows\system32\uxtheme.dll
0x00007ffccfb00000 - 0x00007ffccfcbb000 	C:\Windows\System32\DriverStore\FileRepository\u0394246.inf_amd64_d7748c83520c2dbe\B394106\aticfx64.dll
0x00007ffc8dfa0000 - 0x00007ffc90e61000 	C:\Windows\System32\DriverStore\FileRepository\u0394246.inf_amd64_d7748c83520c2dbe\B394106\amdxn64.dll
0x00007ffcdc9f0000 - 0x00007ffcdce64000 	C:\Windows\System32\SETUPAPI.dll
0x00007ffcd7430000 - 0x00007ffcd7528000 	C:\Windows\SYSTEM32\dxgi.dll
0x00007ffcc92c0000 - 0x00007ffcc92f5000 	C:\Windows\SYSTEM32\amdihk64.dll
0x00007ffcd22e0000 - 0x00007ffcd232a000 	C:\Windows\SYSTEM32\directxdatabasehelper.dll

dbghelp: loaded successfully - version: 4.0.5 - missing functions: none
symbol engine: initialized successfully - sym options: 0x614 - pdb path: .;C:\Users\walte\.jdks\openjdk-21.0.2\bin;C:\Windows\SYSTEM32;C:\Program Files\Norton Security\NortonData\22.23.10.10\Definitions\IPSDefs\20240213.064;C:\Windows\WinSxS\amd64_microsoft.windows.common-controls_6595b64144ccf1df_6.0.22621.2506_none_270c5ae97388e100;C:\Users\walte\.jdks\openjdk-21.0.2\bin\server;C:\Program Files\JetBrains\IntelliJ IDEA 2023.2.3\bin;C:\Users\walte\.openjfx\cache\21-ea+null\amd64;C:\Windows\System32\DriverStore\FileRepository\u0394246.inf_amd64_d7748c83520c2dbe\B394106

VM Arguments:
jvm_args: -javaagent:C:\Program Files\JetBrains\IntelliJ IDEA 2023.2.3\lib\idea_rt.jar=55590:C:\Program Files\JetBrains\IntelliJ IDEA 2023.2.3\bin -Dfile.encoding=UTF-8 -Dsun.stdout.encoding=UTF-8 -Dsun.stderr.encoding=UTF-8 --module-path=C:\Users\walte\.m2\repository\org\openjfx\javafx-fxml\21-ea+24\javafx-fxml-21-ea+24-win.jar;C:\Users\walte\.m2\repository\org\openjfx\javafx-base\21-ea+24\javafx-base-21-ea+24-win.jar;C:\Users\walte\Desktop\Progetto\ProgettoFinale\Gioco\target\classes;C:\Users\walte\.m2\repository\org\openjfx\javafx-controls\21-ea+24\javafx-controls-21-ea+24-win.jar;C:\Users\walte\.m2\repository\org\openjfx\javafx-graphics\21-ea+24\javafx-graphics-21-ea+24-win.jar -Djdk.module.main=com.example.gioco 
java_command: com.example.gioco/com.example.gioco.HomePage
java_class_path (initial): C:\Users\walte\.m2\repository\org\openjfx\javafx-controls\21-ea+24\javafx-controls-21-ea+24.jar;C:\Users\walte\.m2\repository\org\openjfx\javafx-graphics\21-ea+24\javafx-graphics-21-ea+24.jar;C:\Users\walte\.m2\repository\org\openjfx\javafx-base\21-ea+24\javafx-base-21-ea+24.jar;C:\Users\walte\.m2\repository\org\openjfx\javafx-fxml\21-ea+24\javafx-fxml-21-ea+24.jar
Launcher Type: SUN_STANDARD

[Global flags]
     intx CICompilerCount                          = 12                                        {product} {ergonomic}
     uint ConcGCThreads                            = 3                                         {product} {ergonomic}
     uint G1ConcRefinementThreads                  = 13                                        {product} {ergonomic}
   size_t G1HeapRegionSize                         = 2097152                                   {product} {ergonomic}
    uintx GCDrainStackTargetSize                   = 64                                        {product} {ergonomic}
   size_t InitialHeapSize                          = 255852544                                 {product} {ergonomic}
   size_t MarkStackSize                            = 4194304                                   {product} {ergonomic}
   size_t MaxHeapSize                              = 4089446400                                {product} {ergonomic}
   size_t MaxNewSize                               = 2453667840                                {product} {ergonomic}
   size_t MinHeapDeltaBytes                        = 2097152                                   {product} {ergonomic}
   size_t MinHeapSize                              = 8388608                                   {product} {ergonomic}
    uintx NonNMethodCodeHeapSize                   = 7602480                                {pd product} {ergonomic}
    uintx NonProfiledCodeHeapSize                  = 122027880                              {pd product} {ergonomic}
    uintx ProfiledCodeHeapSize                     = 122027880                              {pd product} {ergonomic}
    uintx ReservedCodeCacheSize                    = 251658240                              {pd product} {ergonomic}
     bool SegmentedCodeCache                       = true                                      {product} {ergonomic}
   size_t SoftMaxHeapSize                          = 4089446400                             {manageable} {ergonomic}
     bool UseCompressedOops                        = true                           {product lp64_product} {ergonomic}
     bool UseG1GC                                  = true                                      {product} {ergonomic}
     bool UseLargePagesIndividualAllocation        = false                                  {pd product} {ergonomic}

Logging:
Log output configuration:
 #0: stdout all=warning uptime,level,tags foldmultilines=false
 #1: stderr all=off uptime,level,tags foldmultilines=false

Environment Variables:
PATH=C:\Windows\system32;C:\Windows;C:\Windows\System32\Wbem;C:\Windows\System32\WindowsPowerShell\v1.0\;C:\Windows\System32\OpenSSH\;C:\Program Files\dotnet\;C:\Program Files\MATLAB\R2023b\bin;C:\Program Files\Git\cmd;C:\Program Files\Wolfram Research\WolframScript\;C:\Users\walte\AppData\Local\Microsoft\WindowsApps;
USERNAME=walte
OS=Windows_NT
PROCESSOR_IDENTIFIER=AMD64 Family 25 Model 68 Stepping 1, AuthenticAMD
TMP=C:\Users\walte\AppData\Local\Temp
TEMP=C:\Users\walte\AppData\Local\Temp




Periodic native trim disabled

---------------  S Y S T E M  ---------------

OS:
 Windows 11 , 64 bit Build 22621 (10.0.22621.3085)
OS uptime: 1 days 22:02 hours
Hyper-V role detected

CPU: total 16 (initial active 16) (16 cores per cpu, 2 threads per core) family 25 model 68 stepping 1 microcode 0x0, cx8, cmov, fxsr, ht, mmx, 3dnowpref, sse, sse2, sse3, ssse3, sse4a, sse4.1, sse4.2, popcnt, lzcnt, tsc, tscinvbit, avx, avx2, aes, erms, clmul, bmi1, bmi2, adx, sha, fma, vzeroupper, clflush, clflushopt, hv, rdtscp, rdpid, fsrm, f16c, cet_ss
Processor Information for all 16 processors :
  Max Mhz: 3301, Current Mhz: 2498, Mhz Limit: 3301

Memory: 4k page, system-wide physical 15596M (5622M free)
TotalPageFile size 62700M (AvailPageFile size 12M)
current process WorkingSet (physical memory assigned to process): 80M, peak: 80M
current process commit charge ("private bytes"): 359M, peak: 359M

vm_info: OpenJDK 64-Bit Server VM (21.0.2+13-58) for windows-amd64 JRE (21.0.2+13-58), built on 2024-01-05T18:32:24Z by "mach5one" with MS VC++ 17.1 (VS2022)

END.
